Using pre-set license
Built from '2020.3/staging' branch; Version is '2020.3.16f1 (049d6eca3c44) revision 302446'; Using compiler version '192528614'; Build Type 'Release'
OS: 'Windows 10 Education; OS build 19041.1288; Version 2004; 64bit' Language: 'en' Physical Memory: 12226 MB
BatchMode: 1, IsHumanControllingUs: 0, StartBugReporterOnCrash: 0, Is64bit: 1, IsPro: 0

 COMMAND LINE ARGUMENTS:
C:\Program Files\Unity\Hub\Editor\2020.3.16f1\Editor\Unity.exe
-adb2
-batchMode
-noUpm
-name
AssetImportWorker0
-projectPath
C:/Users/arman.aslanyan/UnityProjects/Github Repos/Island-Quest/Island Quest
-logFile
Logs/AssetImportWorker0.log
-srvPort
63567
Successfully changed project path to: C:/Users/arman.aslanyan/UnityProjects/Github Repos/Island-Quest/Island Quest
C:/Users/arman.aslanyan/UnityProjects/Github Repos/Island-Quest/Island Quest
Using Asset Import Pipeline V2.
Refreshing native plugins compatible for Editor in 62.15 ms, found 3 plugins.
Preloading 0 native plugins for Editor in 0.00 ms.
Initialize engine version: 2020.3.16f1 (049d6eca3c44)
[Subsystems] Discovering subsystems at path C:/Program Files/Unity/Hub/Editor/2020.3.16f1/Editor/Data/Resources/UnitySubsystems
[Subsystems] Discovering subsystems at path C:/Users/arman.aslanyan/UnityProjects/Github Repos/Island-Quest/Island Quest/Assets
GfxDevice: creating device client; threaded=0
Direct3D:
    Version:  Direct3D 11.0 [level 11.0]
    Renderer: NVIDIA GeForce GTX 560 Ti (ID=0x1200)
    Vendor:   
    VRAM:     979 MB
    Driver:   22.21.13.8494
Initialize mono
Mono path[0] = 'C:/Program Files/Unity/Hub/Editor/2020.3.16f1/Editor/Data/Managed'
Mono path[1] = 'C:/Program Files/Unity/Hub/Editor/2020.3.16f1/Editor/Data/MonoBleedingEdge/lib/mono/unityjit'
Mono config path = 'C:/Program Files/Unity/Hub/Editor/2020.3.16f1/Editor/Data/MonoBleedingEdge/etc'
Using monoOptions --debugger-agent=transport=dt_socket,embedding=1,server=y,suspend=n,address=127.0.0.1:56440
Begin MonoManager ReloadAssembly
Registering precompiled unity dll's ...
Register platform support module: C:/Program Files/Unity/Hub/Editor/2020.3.16f1/Editor/Data/PlaybackEngines/WebGLSupport/UnityEditor.WebGL.Extensions.dll
Register platform support module: C:/Program Files/Unity/Hub/Editor/2020.3.16f1/Editor/Data/PlaybackEngines/WindowsStandaloneSupport/UnityEditor.WindowsStandalone.Extensions.dll
Registered in 0.003992 seconds.
Native extension for WindowsStandalone target not found
Native extension for WebGL target not found
Refreshing native plugins compatible for Editor in 65.28 ms, found 3 plugins.
Preloading 0 native plugins for Editor in 0.00 ms.
Mono: successfully reloaded assembly
- Completed reload, in  1.623 seconds
Domain Reload Profiling:
	ReloadAssembly (1623ms)
		BeginReloadAssembly (84ms)
			ExecutionOrderSort (0ms)
			DisableScriptedObjects (0ms)
			BackupInstance (0ms)
			ReleaseScriptingObjects (0ms)
			CreateAndSetChildDomain (1ms)
		EndReloadAssembly (588ms)
			LoadAssemblies (80ms)
			RebuildTransferFunctionScriptingTraits (0ms)
			SetupTypeCache (196ms)
			ReleaseScriptCaches (0ms)
			RebuildScriptCaches (43ms)
			SetupLoadedEditorAssemblies (240ms)
				LogAssemblyErrors (0ms)
				InitializePlatformSupportModulesInManaged (6ms)
				SetLoadedEditorAssemblies (0ms)
				RefreshPlugins (65ms)
				BeforeProcessingInitializeOnLoad (25ms)
				ProcessInitializeOnLoadAttributes (105ms)
				ProcessInitializeOnLoadMethodAttributes (37ms)
				AfterProcessingInitializeOnLoad (0ms)
				EditorAssembliesLoaded (0ms)
			ExecutionOrderSort2 (0ms)
			AwakeInstancesAfterBackupRestoration (0ms)
Platform modules already initialized, skipping
Registering precompiled user dll's ...
Registered in 0.007923 seconds.
Begin MonoManager ReloadAssembly
Native extension for WindowsStandalone target not found
Native extension for WebGL target not found
Refreshing native plugins compatible for Editor in 67.31 ms, found 3 plugins.
Preloading 0 native plugins for Editor in 0.00 ms.
Mono: successfully reloaded assembly
- Completed reload, in  1.729 seconds
Domain Reload Profiling:
	ReloadAssembly (1730ms)
		BeginReloadAssembly (195ms)
			ExecutionOrderSort (0ms)
			DisableScriptedObjects (6ms)
			BackupInstance (0ms)
			ReleaseScriptingObjects (0ms)
			CreateAndSetChildDomain (22ms)
		EndReloadAssembly (1449ms)
			LoadAssemblies (129ms)
			RebuildTransferFunctionScriptingTraits (0ms)
			SetupTypeCache (373ms)
			ReleaseScriptCaches (1ms)
			RebuildScriptCaches (63ms)
			SetupLoadedEditorAssemblies (719ms)
				LogAssemblyErrors (0ms)
				InitializePlatformSupportModulesInManaged (6ms)
				SetLoadedEditorAssemblies (0ms)
				RefreshPlugins (67ms)
				BeforeProcessingInitializeOnLoad (115ms)
				ProcessInitializeOnLoadAttributes (504ms)
				ProcessInitializeOnLoadMethodAttributes (16ms)
				AfterProcessingInitializeOnLoad (10ms)
				EditorAssembliesLoaded (0ms)
			ExecutionOrderSort2 (0ms)
			AwakeInstancesAfterBackupRestoration (9ms)
Platform modules already initialized, skipping
========================================================================
Worker process is ready to serve import requests
Launched and connected shader compiler UnityShaderCompiler.exe after 0.06 seconds
Refreshing native plugins compatible for Editor in 0.64 ms, found 3 plugins.
Preloading 0 native plugins for Editor in 0.00 ms.
Unloading 2091 Unused Serialized files (Serialized files now loaded: 0)
System memory in use before: 93.7 MB.
System memory in use after: 93.8 MB.

Unloading 28 unused Assets to reduce memory usage. Loaded Objects now: 2528.
Total: 3.820800 ms (FindLiveObjects: 0.185300 ms CreateObjectMapping: 0.075800 ms MarkObjects: 3.448000 ms  DeleteObjects: 0.109800 ms)

AssetImportParameters requested are different than current active one (requested -> active):
  custom:framework-win-MediaFoundation: 216162199b28c13a410421893ffa2e32 -> 
  custom:video-decoder-ogg-theora: a1e56fd34408186e4bbccfd4996cb3dc -> 
  custom:container-muxer-webm: aa71ff27fc2769a1b78a27578f13a17b -> 
  custom:container-demuxer-webm: 4f35f7cbe854078d1ac9338744f61a02 -> 
  custom:container-demuxer-ogg: 62fdf1f143b41e24485cea50d1cbac27 -> 
  custom:video-encoder-webm-vp8: eb34c28f22e8b96e1ab97ce403110664 -> 
  custom:video-decoder-webm-vp8: 9c59270c3fd7afecdb556c50c9e8de78 -> 
  custom:audio-decoder-ogg-vorbis: bf7c407c2cedff20999df2af8eb42d56 -> 
  custom:audio-encoder-webm-vorbis: bf7c407c2cedff20999df2af8eb42d56 -> 
========================================================================
Received Import Request.
  path: Assets/Scenes
  artifactKey: Guid(4dc5d2ea2bd456a4182ce2f014a16b82) Importer(815301076,1909f56bfc062723c751e8b465ee728b)
Start importing Assets/Scenes using Guid(4dc5d2ea2bd456a4182ce2f014a16b82) Importer(815301076,1909f56bfc062723c751e8b465ee728b)  -> (artifact id: '2082d0d5a8a56b2ccffff066f4a5bc76') in 0.008841 seconds 
  Import took 0.013058 seconds .

========================================================================
Received Import Request.
  Time since last request: 0.000367 seconds.
  path: Assets/Scenes/SampleScene.unity
  artifactKey: Guid(2cda990e2423bbf4892e6590ba056729) Importer(815301076,1909f56bfc062723c751e8b465ee728b)
Start importing Assets/Scenes/SampleScene.unity using Guid(2cda990e2423bbf4892e6590ba056729) Importer(815301076,1909f56bfc062723c751e8b465ee728b)  -> (artifact id: 'aa27944bdea339c97c39027c7eea529c') in 0.013709 seconds 
  Import took 0.017462 seconds .

========================================================================
Received Import Request.
  Time since last request: 4.906769 seconds.
  path: Assets/Scenes/Main Scene.unity
  artifactKey: Guid(2cda990e2423bbf4892e6590ba056729) Importer(815301076,1909f56bfc062723c751e8b465ee728b)
Start importing Assets/Scenes/Main Scene.unity using Guid(2cda990e2423bbf4892e6590ba056729) Importer(815301076,1909f56bfc062723c751e8b465ee728b)  -> (artifact id: '667fb8d0b50471db93bcb617f4916b83') in 0.005320 seconds 
  Import took 0.011842 seconds .

========================================================================
Received Import Request.
  Time since last request: 0.000634 seconds.
  path: Assets/Scenes/Main Scene.unity
  artifactKey: Guid(2cda990e2423bbf4892e6590ba056729) Importer(815301076,1909f56bfc062723c751e8b465ee728b)
Start importing Assets/Scenes/Main Scene.unity using Guid(2cda990e2423bbf4892e6590ba056729) Importer(815301076,1909f56bfc062723c751e8b465ee728b)  -> (artifact id: '667fb8d0b50471db93bcb617f4916b83') in 0.005887 seconds 
  Import took 0.015431 seconds .

========================================================================
Received Import Request.
  Time since last request: 7.524604 seconds.
  path: Assets/Scenes/Andy's Scene.unity
  artifactKey: Guid(0b743951a7209b941af612d76be4b4b0) Importer(815301076,1909f56bfc062723c751e8b465ee728b)
Start importing Assets/Scenes/Andy's Scene.unity using Guid(0b743951a7209b941af612d76be4b4b0) Importer(815301076,1909f56bfc062723c751e8b465ee728b)  -> (artifact id: 'e904f535c2d44ff8ac91e53a10bf9862') in 0.005961 seconds 
  Import took 0.012429 seconds .

========================================================================
Received Import Request.
  Time since last request: 9.404399 seconds.
  path: Assets/Scenes/Saharsh's Scene.unity
  artifactKey: Guid(1abf76706027e1b498ee5717cb57c066) Importer(815301076,1909f56bfc062723c751e8b465ee728b)
Start importing Assets/Scenes/Saharsh's Scene.unity using Guid(1abf76706027e1b498ee5717cb57c066) Importer(815301076,1909f56bfc062723c751e8b465ee728b)  -> (artifact id: '028bf76746ed2c77ff97b69c65014009') in 0.005840 seconds 
  Import took 0.010632 seconds .

========================================================================
Received Import Request.
  Time since last request: 0.005176 seconds.
  path: Assets/Scenes/Saharsh's Scene.unity
  artifactKey: Guid(1abf76706027e1b498ee5717cb57c066) Importer(815301076,1909f56bfc062723c751e8b465ee728b)
Start importing Assets/Scenes/Saharsh's Scene.unity using Guid(1abf76706027e1b498ee5717cb57c066) Importer(815301076,1909f56bfc062723c751e8b465ee728b)  -> (artifact id: '028bf76746ed2c77ff97b69c65014009') in 0.004772 seconds 
  Import took 0.008936 seconds .

========================================================================
Received Import Request.
  Time since last request: 8.159447 seconds.
  path: Assets/Scenes/Arman's Scene.unity
  artifactKey: Guid(e745f3062f0d533499c348dff91f2a4f) Importer(815301076,1909f56bfc062723c751e8b465ee728b)
Start importing Assets/Scenes/Arman's Scene.unity using Guid(e745f3062f0d533499c348dff91f2a4f) Importer(815301076,1909f56bfc062723c751e8b465ee728b)  -> (artifact id: '0b1026b69793f233863394a2494a924b') in 0.005685 seconds 
  Import took 0.012253 seconds .

========================================================================
Received Import Request.
  Time since last request: 9.150226 seconds.
  path: Assets
  artifactKey: Guid(00000000000000001000000000000000) Importer(815301076,1909f56bfc062723c751e8b465ee728b)
Start importing Assets using Guid(00000000000000001000000000000000) Importer(815301076,1909f56bfc062723c751e8b465ee728b)  -> (artifact id: '42d402b061de3733987d63b9cc3b64de') in 0.006726 seconds 
  Import took 0.011444 seconds .

========================================================================
Received Import Request.
  Time since last request: 3.409578 seconds.
  path: Assets/Scripts
  artifactKey: Guid(a94f2c8992a570a4ab49307bf1b8b1bb) Importer(815301076,1909f56bfc062723c751e8b465ee728b)
Start importing Assets/Scripts using Guid(a94f2c8992a570a4ab49307bf1b8b1bb) Importer(815301076,1909f56bfc062723c751e8b465ee728b)  -> (artifact id: '464793a2d3795196bfd2b91cc6044509') in 0.005164 seconds 
  Import took 0.009632 seconds .

========================================================================
Received Import Request.
  Time since last request: 4.784490 seconds.
  path: Assets/Prefabs
  artifactKey: Guid(c96b4666662bc6c4ea16c0f3a8a6470c) Importer(815301076,1909f56bfc062723c751e8b465ee728b)
Start importing Assets/Prefabs using Guid(c96b4666662bc6c4ea16c0f3a8a6470c) Importer(815301076,1909f56bfc062723c751e8b465ee728b)  -> (artifact id: '5e2dc054c87fd5e4fc0eef4afe913bfe') in 0.005697 seconds 
  Import took 0.010406 seconds .

========================================================================
Received Import Request.
  Time since last request: 16.023883 seconds.
  path: Assets/Sprites and Anim
  artifactKey: Guid(cf0fda6833ba1944ab7ba78ded5eab16) Importer(815301076,1909f56bfc062723c751e8b465ee728b)
Start importing Assets/Sprites and Anim using Guid(cf0fda6833ba1944ab7ba78ded5eab16) Importer(815301076,1909f56bfc062723c751e8b465ee728b)  -> (artifact id: 'ca72535026ca09b9d9baff9781efca21') in 0.006018 seconds 
  Import took 0.011005 seconds .

AssetImportWorkerClient::OnTransportError - code=2 error=End of file
